Arguments: 
  /snap/node/5322/bin/node /snap/node/5322/bin/yarn.js config get registry

PATH: 
  /home/tuanthanhtran/Documents/adviz-wad-ss2021/node_modules/.bin:/home/tuanthanhtran/Documents/node_modules/.bin:/home/tuanthanhtran/node_modules/.bin:/home/node_modules/.bin:/node_modules/.bin:/usr/local/lib/node_modules/npm/node_modules/@npmcli/run-script/lib/node-gyp-bin:/usr/local/bin:/media/tuanthanhtran/Data/anaconda3/bin:/home/tuanthanhtran/miniconda3/bin:/home/tuanthanhtran/.local/bin:/home/tuanthanhtran/bin:/media/tuanthanhtran/Data/anaconda3/bin:/home/tuanthanhtran/miniconda3/bin:/home/tuanthanhtran/.local/bin:/home/tuanthanhtran/bin:/usr/local/sbin:/usr/local/bin:/usr/sbin:/usr/bin:/sbin:/bin:/usr/games:/usr/local/games:/snap/bin:/home/tuanthanhtran/bin:/usr/lib/jvm/java-13-openjdk-amd64/bin:/home/tuanthanhtran/bin:/usr/lib/jvm/java-13-openjdk-amd64/bin:/opt/spark/bin:/opt/spark/sbin:/opt/spark/bin:/opt/spark/sbin

Yarn version: 
  1.22.5

Node version: 
  14.17.6

Platform: 
  linux x64

Trace: 
  Error: EACCES: permission denied, write
      at writeSync (fs.js:733:3)
      at SyncWriteStream._write (internal/fs/sync_write_stream.js:24:3)
      at writeOrBuffer (internal/streams/writable.js:358:12)
      at SyncWriteStream.Writable.write (internal/streams/writable.js:303:10)
      at ConsoleReporter._log (/snap/node/5322/lib/cli.js:96770:17)
      at ConsoleReporter.log (/snap/node/5322/lib/cli.js:96758:10)
      at get (/snap/node/5322/lib/cli.js:87536:14)
      at Object.<anonymous> (/snap/node/5322/lib/cli.js:25940:25)
      at Generator.next (<anonymous>)
      at step (/snap/node/5322/lib/cli.js:310:30)

npm manifest: 
  {
    "name": "client",
    "version": "0.1.0",
    "private": true
  }

yarn manifest: 
  No manifest

Lockfile: 
  No lockfile
